2019/03/13-10:57:25|ERROR|http-nio-8089-exec-5|45650267|com.invech.platform.dsfcenterservice.config.RRExceptionHandler|127|Redis exception; nested exception is io.lettuce.core.RedisException: java.io.IOException: 远程主机强迫关闭了一个现有的连接。
org.springframework.data.redis.RedisSystemException: Redis exception; nested exception is io.lettuce.core.RedisException: java.io.IOException: 远程主机强迫关闭了一个现有的连接。
	at org.springframework.data.redis.connection.lettuce.LettuceExceptionConverter.convert(LettuceExceptionConverter.java:74)
	at org.springframework.data.redis.connection.lettuce.LettuceExceptionConverter.convert(LettuceExceptionConverter.java:41)
	at org.springframework.data.redis.PassThroughExceptionTranslationStrategy.translate(PassThroughExceptionTranslationStrategy.java:44)
	at org.springframework.data.redis.FallbackExceptionTranslationStrategy.translate(FallbackExceptionTranslationStrategy.java:42)
	at org.springframework.data.redis.connection.lettuce.LettuceConnection.convertLettuceAccessException(LettuceConnection.java:268)
	at org.springframework.data.redis.connection.lettuce.LettuceStringCommands.convertLettuceAccessException(LettuceStringCommands.java:799)
	at org.springframework.data.redis.connection.lettuce.LettuceStringCommands.get(LettuceStringCommands.java:68)
	at org.springframework.data.redis.connection.DefaultedRedisConnection.get(DefaultedRedisConnection.java:253)
	at org.springframework.data.redis.cache.DefaultRedisCacheWriter.lambda$get$1(DefaultRedisCacheWriter.java:109)
	at org.springframework.data.redis.cache.DefaultRedisCacheWriter.execute(DefaultRedisCacheWriter.java:242)
	at org.springframework.data.redis.cache.DefaultRedisCacheWriter.get(DefaultRedisCacheWriter.java:109)
	at org.springframework.data.redis.cache.RedisCache.lookup(RedisCache.java:82)
	at org.springframework.cache.support.AbstractValueAdaptingCache.get(AbstractValueAdaptingCache.java:58)
	at org.springframework.cache.interceptor.AbstractCacheInvoker.doGet(AbstractCacheInvoker.java:73)
	at org.springframework.cache.interceptor.CacheAspectSupport.findInCaches(CacheAspectSupport.java:554)
	at org.springframework.cache.interceptor.CacheAspectSupport.findCachedItem(CacheAspectSupport.java:519)
	at org.springframework.cache.interceptor.CacheAspectSupport.execute(CacheAspectSupport.java:401)
	at org.springframework.cache.interceptor.CacheAspectSupport.execute(CacheAspectSupport.java:345)
	at org.springframework.cache.interceptor.CacheInterceptor.invoke(CacheInterceptor.java:61)
	at org.springframework.aop.framework.ReflectiveMethodInvocation.proceed(ReflectiveMethodInvocation.java:186)
	at org.springframework.aop.framework.CglibAopProxy$DynamicAdvisedInterceptor.intercept(CglibAopProxy.java:688)
	at com.invech.platform.dsfcenterdao.service.DsfSiteService$$EnhancerBySpringCGLIB$$31048f63.getSchemaName(<generated>)
	at com.invech.platform.dsfcenterdao.utlis.SiteUtil.getSiteCode(SiteUtil.java:97)
	at com.invech.platform.dsfcenterservice.controller.admin.AdminGamePlatFormController.betlogs(AdminGamePlatFormController.java:68)
	at sun.reflect.NativeMethodAccessorImpl.invoke0(Native Method)
	at sun.reflect.NativeMethodAccessorImpl.invoke(NativeMethodAccessorImpl.java:62)
	at sun.reflect.DelegatingMethodAccessorImpl.invoke(DelegatingMethodAccessorImpl.java:43)
	at java.lang.reflect.Method.invoke(Method.java:498)
	at org.springframework.web.method.support.InvocableHandlerMethod.doInvoke(InvocableHandlerMethod.java:189)
	at org.springframework.web.method.support.InvocableHandlerMethod.invokeForRequest(InvocableHandlerMethod.java:138)
	at org.springframework.web.servlet.mvc.method.annotation.ServletInvocableHandlerMethod.invokeAndHandle(ServletInvocableHandlerMethod.java:102)
	at org.springframework.web.servlet.mvc.method.annotation.RequestMappingHandlerAdapter.invokeHandlerMethod(RequestMappingHandlerAdapter.java:895)
	at org.springframework.web.servlet.mvc.method.annotation.RequestMappingHandlerAdapter.handleInternal(RequestMappingHandlerAdapter.java:800)
	at org.springframework.web.servlet.mvc.method.AbstractHandlerMethodAdapter.handle(AbstractHandlerMethodAdapter.java:87)
	at org.springframework.web.servlet.DispatcherServlet.doDispatch(DispatcherServlet.java:1038)
	at org.springframework.web.servlet.DispatcherServlet.doService(DispatcherServlet.java:942)
	at org.springframework.web.servlet.FrameworkServlet.processRequest(FrameworkServlet.java:1005)
	at org.springframework.web.servlet.FrameworkServlet.doPost(FrameworkServlet.java:908)
	at javax.servlet.http.HttpServlet.service(HttpServlet.java:660)
	at org.springframework.web.servlet.FrameworkServlet.service(FrameworkServlet.java:882)
	at javax.servlet.http.HttpServlet.service(HttpServlet.java:741)
	at org.apache.catalina.core.ApplicationFilterChain.internalDoFilter(ApplicationFilterChain.java:231)
	at org.apache.catalina.core.ApplicationFilterChain.doFilter(ApplicationFilterChain.java:166)
	at org.apache.tomcat.websocket.server.WsFilter.doFilter(WsFilter.java:53)
	at org.apache.catalina.core.ApplicationFilterChain.internalDoFilter(ApplicationFilterChain.java:193)
	at org.apache.catalina.core.ApplicationFilterChain.doFilter(ApplicationFilterChain.java:166)
	at com.alibaba.druid.support.http.WebStatFilter.doFilter(WebStatFilter.java:123)
	at org.apache.catalina.core.ApplicationFilterChain.internalDoFilter(ApplicationFilterChain.java:193)
	at org.apache.catalina.core.ApplicationFilterChain.doFilter(ApplicationFilterChain.java:166)
	at org.springframework.web.filter.RequestContextFilter.doFilterInternal(RequestContextFilter.java:99)
	at org.springframework.web.filter.OncePerRequestFilter.doFilter(OncePerRequestFilter.java:107)
	at org.apache.catalina.core.ApplicationFilterChain.internalDoFilter(ApplicationFilterChain.java:193)
	at org.apache.catalina.core.ApplicationFilterChain.doFilter(ApplicationFilterChain.java:166)
	at org.springframework.web.filter.FormContentFilter.doFilterInternal(FormContentFilter.java:92)
	at org.springframework.web.filter.OncePerRequestFilter.doFilter(OncePerRequestFilter.java:107)
	at org.apache.catalina.core.ApplicationFilterChain.internalDoFilter(ApplicationFilterChain.java:193)
	at org.apache.catalina.core.ApplicationFilterChain.doFilter(ApplicationFilterChain.java:166)
	at org.springframework.web.filter.HiddenHttpMethodFilter.doFilterInternal(HiddenHttpMethodFilter.java:93)
	at org.springframework.web.filter.OncePerRequestFilter.doFilter(OncePerRequestFilter.java:107)
	at org.apache.catalina.core.ApplicationFilterChain.internalDoFilter(ApplicationFilterChain.java:193)
	at org.apache.catalina.core.ApplicationFilterChain.doFilter(ApplicationFilterChain.java:166)
	at org.springframework.web.filter.CharacterEncodingFilter.doFilterInternal(CharacterEncodingFilter.java:200)
	at org.springframework.web.filter.OncePerRequestFilter.doFilter(OncePerRequestFilter.java:107)
	at org.apache.catalina.core.ApplicationFilterChain.internalDoFilter(ApplicationFilterChain.java:193)
	at org.apache.catalina.core.ApplicationFilterChain.doFilter(ApplicationFilterChain.java:166)
	at org.apache.catalina.core.StandardWrapperValve.invoke(StandardWrapperValve.java:199)
	at org.apache.catalina.core.StandardContextValve.invoke(StandardContextValve.java:96)
	at org.apache.catalina.authenticator.AuthenticatorBase.invoke(AuthenticatorBase.java:490)
	at org.apache.catalina.core.StandardHostValve.invoke(StandardHostValve.java:139)
	at org.apache.catalina.valves.ErrorReportValve.invoke(ErrorReportValve.java:92)
	at org.apache.catalina.core.StandardEngineValve.invoke(StandardEngineValve.java:74)
	at org.apache.catalina.connector.CoyoteAdapter.service(CoyoteAdapter.java:343)
	at org.apache.coyote.http11.Http11Processor.service(Http11Processor.java:408)
	at org.apache.coyote.AbstractProcessorLight.process(AbstractProcessorLight.java:66)
	at org.apache.coyote.AbstractProtocol$ConnectionHandler.process(AbstractProtocol.java:834)
	at org.apache.tomcat.util.net.NioEndpoint$SocketProcessor.doRun(NioEndpoint.java:1417)
	at org.apache.tomcat.util.net.SocketProcessorBase.run(SocketProcessorBase.java:49)
	at java.util.concurrent.ThreadPoolExecutor.runWorker(ThreadPoolExecutor.java:1149)
	at java.util.concurrent.ThreadPoolExecutor$Worker.run(ThreadPoolExecutor.java:624)
	at org.apache.tomcat.util.threads.TaskThread$WrappingRunnable.run(TaskThread.java:61)
	at java.lang.Thread.run(Thread.java:748)
Caused by: io.lettuce.core.RedisException: java.io.IOException: 远程主机强迫关闭了一个现有的连接。
	at io.lettuce.core.LettuceFutures.awaitOrCancel(LettuceFutures.java:129)
	at io.lettuce.core.FutureSyncInvocationHandler.handleInvocation(FutureSyncInvocationHandler.java:69)
	at io.lettuce.core.internal.AbstractInvocationHandler.invoke(AbstractInvocationHandler.java:80)
	at com.sun.proxy.$Proxy183.get(Unknown Source)
	at org.springframework.data.redis.connection.lettuce.LettuceStringCommands.get(LettuceStringCommands.java:66)
	... 74 common frames omitted
Caused by: java.io.IOException: 远程主机强迫关闭了一个现有的连接。
	at sun.nio.ch.SocketDispatcher.read0(Native Method)
	at sun.nio.ch.SocketDispatcher.read(SocketDispatcher.java:43)
	at sun.nio.ch.IOUtil.readIntoNativeBuffer(IOUtil.java:223)
	at sun.nio.ch.IOUtil.read(IOUtil.java:192)
	at sun.nio.ch.SocketChannelImpl.read(SocketChannelImpl.java:380)
	at io.netty.buffer.PooledUnsafeDirectByteBuf.setBytes(PooledUnsafeDirectByteBuf.java:288)
	at io.netty.buffer.AbstractByteBuf.writeBytes(AbstractByteBuf.java:1132)
	at io.netty.channel.socket.nio.NioSocketChannel.doReadBytes(NioSocketChannel.java:347)
	at io.netty.channel.nio.AbstractNioByteChannel$NioByteUnsafe.read(AbstractNioByteChannel.java:148)
	at io.netty.channel.nio.NioEventLoop.processSelectedKey(NioEventLoop.java:648)
	at io.netty.channel.nio.NioEventLoop.processSelectedKeysOptimized(NioEventLoop.java:583)
	at io.netty.channel.nio.NioEventLoop.processSelectedKeys(NioEventLoop.java:500)
	at io.netty.channel.nio.NioEventLoop.run(NioEventLoop.java:462)
	at io.netty.util.concurrent.SingleThreadEventExecutor$5.run(SingleThreadEventExecutor.java:897)
	at io.netty.util.concurrent.FastThreadLocalRunnable.run(FastThreadLocalRunnable.java:30)
	... 1 common frames omitted
2019/03/13-10:57:30|INFO|http-nio-8089-exec-7|45655620|com.invech.platform.dsfcenterdao.config.MybatisInterceptor|57|sql = /*!mycat:schema = melody_db_dsf */select * ,201903 `month` from dsf_betlog_game_video_201903 f where f.bet_id > 15523980612940001 limit ?
2019/03/13-10:57:30|INFO|http-nio-8089-exec-7|45655625|com.invech.platform.dsfcenterdao.service.DsfBetlogService|58|[]
2019/03/13-10:57:32|ERROR|http-nio-8089-exec-6|45657226|com.invech.platform.dsfcenterservice.config.RRExceptionHandler|53|注单获取过于频繁,按平台10秒一次
com.invech.platform.dsfcenterdata.response.RRException: 注单获取过于频繁,按平台10秒一次
	at com.invech.platform.dsfcenterservice.controller.BaseController.checkBetlogLimit(BaseController.java:88)
	at com.invech.platform.dsfcenterservice.controller.admin.AdminGamePlatFormController.betlogs(AdminGamePlatFormController.java:68)
	at sun.reflect.NativeMethodAccessorImpl.invoke0(Native Method)
	at sun.reflect.NativeMethodAccessorImpl.invoke(NativeMethodAccessorImpl.java:62)
	at sun.reflect.DelegatingMethodAccessorImpl.invoke(DelegatingMethodAccessorImpl.java:43)
	at java.lang.reflect.Method.invoke(Method.java:498)
	at org.springframework.web.method.support.InvocableHandlerMethod.doInvoke(InvocableHandlerMethod.java:189)
	at org.springframework.web.method.support.InvocableHandlerMethod.invokeForRequest(InvocableHandlerMethod.java:138)
	at org.springframework.web.servlet.mvc.method.annotation.ServletInvocableHandlerMethod.invokeAndHandle(ServletInvocableHandlerMethod.java:102)
	at org.springframework.web.servlet.mvc.method.annotation.RequestMappingHandlerAdapter.invokeHandlerMethod(RequestMappingHandlerAdapter.java:895)
	at org.springframework.web.servlet.mvc.method.annotation.RequestMappingHandlerAdapter.handleInternal(RequestMappingHandlerAdapter.java:800)
	at org.springframework.web.servlet.mvc.method.AbstractHandlerMethodAdapter.handle(AbstractHandlerMethodAdapter.java:87)
	at org.springframework.web.servlet.DispatcherServlet.doDispatch(DispatcherServlet.java:1038)
	at org.springframework.web.servlet.DispatcherServlet.doService(DispatcherServlet.java:942)
	at org.springframework.web.servlet.FrameworkServlet.processRequest(FrameworkServlet.java:1005)
	at org.springframework.web.servlet.FrameworkServlet.doPost(FrameworkServlet.java:908)
	at javax.servlet.http.HttpServlet.service(HttpServlet.java:660)
	at org.springframework.web.servlet.FrameworkServlet.service(FrameworkServlet.java:882)
	at javax.servlet.http.HttpServlet.service(HttpServlet.java:741)
	at org.apache.catalina.core.ApplicationFilterChain.internalDoFilter(ApplicationFilterChain.java:231)
	at org.apache.catalina.core.ApplicationFilterChain.doFilter(ApplicationFilterChain.java:166)
	at org.apache.tomcat.websocket.server.WsFilter.doFilter(WsFilter.java:53)
	at org.apache.catalina.core.ApplicationFilterChain.internalDoFilter(ApplicationFilterChain.java:193)
	at org.apache.catalina.core.ApplicationFilterChain.doFilter(ApplicationFilterChain.java:166)
	at com.alibaba.druid.support.http.WebStatFilter.doFilter(WebStatFilter.java:123)
	at org.apache.catalina.core.ApplicationFilterChain.internalDoFilter(ApplicationFilterChain.java:193)
	at org.apache.catalina.core.ApplicationFilterChain.doFilter(ApplicationFilterChain.java:166)
	at org.springframework.web.filter.RequestContextFilter.doFilterInternal(RequestContextFilter.java:99)
	at org.springframework.web.filter.OncePerRequestFilter.doFilter(OncePerRequestFilter.java:107)
	at org.apache.catalina.core.ApplicationFilterChain.internalDoFilter(ApplicationFilterChain.java:193)
	at org.apache.catalina.core.ApplicationFilterChain.doFilter(ApplicationFilterChain.java:166)
	at org.springframework.web.filter.FormContentFilter.doFilterInternal(FormContentFilter.java:92)
	at org.springframework.web.filter.OncePerRequestFilter.doFilter(OncePerRequestFilter.java:107)
	at org.apache.catalina.core.ApplicationFilterChain.internalDoFilter(ApplicationFilterChain.java:193)
	at org.apache.catalina.core.ApplicationFilterChain.doFilter(ApplicationFilterChain.java:166)
	at org.springframework.web.filter.HiddenHttpMethodFilter.doFilterInternal(HiddenHttpMethodFilter.java:93)
	at org.springframework.web.filter.OncePerRequestFilter.doFilter(OncePerRequestFilter.java:107)
	at org.apache.catalina.core.ApplicationFilterChain.internalDoFilter(ApplicationFilterChain.java:193)
	at org.apache.catalina.core.ApplicationFilterChain.doFilter(ApplicationFilterChain.java:166)
	at org.springframework.web.filter.CharacterEncodingFilter.doFilterInternal(CharacterEncodingFilter.java:200)
	at org.springframework.web.filter.OncePerRequestFilter.doFilter(OncePerRequestFilter.java:107)
	at org.apache.catalina.core.ApplicationFilterChain.internalDoFilter(ApplicationFilterChain.java:193)
	at org.apache.catalina.core.ApplicationFilterChain.doFilter(ApplicationFilterChain.java:166)
	at org.apache.catalina.core.StandardWrapperValve.invoke(StandardWrapperValve.java:199)
	at org.apache.catalina.core.StandardContextValve.invoke(StandardContextValve.java:96)
	at org.apache.catalina.authenticator.AuthenticatorBase.invoke(AuthenticatorBase.java:490)
	at org.apache.catalina.core.StandardHostValve.invoke(StandardHostValve.java:139)
	at org.apache.catalina.valves.ErrorReportValve.invoke(ErrorReportValve.java:92)
	at org.apache.catalina.core.StandardEngineValve.invoke(StandardEngineValve.java:74)
	at org.apache.catalina.connector.CoyoteAdapter.service(CoyoteAdapter.java:343)
	at org.apache.coyote.http11.Http11Processor.service(Http11Processor.java:408)
	at org.apache.coyote.AbstractProcessorLight.process(AbstractProcessorLight.java:66)
	at org.apache.coyote.AbstractProtocol$ConnectionHandler.process(AbstractProtocol.java:834)
	at org.apache.tomcat.util.net.NioEndpoint$SocketProcessor.doRun(NioEndpoint.java:1417)
	at org.apache.tomcat.util.net.SocketProcessorBase.run(SocketProcessorBase.java:49)
	at java.util.concurrent.ThreadPoolExecutor.runWorker(ThreadPoolExecutor.java:1149)
	at java.util.concurrent.ThreadPoolExecutor$Worker.run(ThreadPoolExecutor.java:624)
	at org.apache.tomcat.util.threads.TaskThread$WrappingRunnable.run(TaskThread.java:61)
	at java.lang.Thread.run(Thread.java:748)
2019/03/13-11:00:08|ERROR|http-nio-8089-exec-9|45813877|com.invech.platform.dsfcenterservice.config.RRExceptionHandler|53|注单获取过于频繁,按平台10秒一次
com.invech.platform.dsfcenterdata.response.RRException: 注单获取过于频繁,按平台10秒一次
	at com.invech.platform.dsfcenterservice.controller.BaseController.checkBetlogLimit(BaseController.java:88)
	at com.invech.platform.dsfcenterservice.controller.admin.AdminGamePlatFormController.betlogs(AdminGamePlatFormController.java:68)
	at sun.reflect.NativeMethodAccessorImpl.invoke0(Native Method)
	at sun.reflect.NativeMethodAccessorImpl.invoke(NativeMethodAccessorImpl.java:62)
	at sun.reflect.DelegatingMethodAccessorImpl.invoke(DelegatingMethodAccessorImpl.java:43)
	at java.lang.reflect.Method.invoke(Method.java:498)
	at org.springframework.web.method.support.InvocableHandlerMethod.doInvoke(InvocableHandlerMethod.java:189)
	at org.springframework.web.method.support.InvocableHandlerMethod.invokeForRequest(InvocableHandlerMethod.java:138)
	at org.springframework.web.servlet.mvc.method.annotation.ServletInvocableHandlerMethod.invokeAndHandle(ServletInvocableHandlerMethod.java:102)
	at org.springframework.web.servlet.mvc.method.annotation.RequestMappingHandlerAdapter.invokeHandlerMethod(RequestMappingHandlerAdapter.java:895)
	at org.springframework.web.servlet.mvc.method.annotation.RequestMappingHandlerAdapter.handleInternal(RequestMappingHandlerAdapter.java:800)
	at org.springframework.web.servlet.mvc.method.AbstractHandlerMethodAdapter.handle(AbstractHandlerMethodAdapter.java:87)
	at org.springframework.web.servlet.DispatcherServlet.doDispatch(DispatcherServlet.java:1038)
	at org.springframework.web.servlet.DispatcherServlet.doService(DispatcherServlet.java:942)
	at org.springframework.web.servlet.FrameworkServlet.processRequest(FrameworkServlet.java:1005)
	at org.springframework.web.servlet.FrameworkServlet.doPost(FrameworkServlet.java:908)
	at javax.servlet.http.HttpServlet.service(HttpServlet.java:660)
	at org.springframework.web.servlet.FrameworkServlet.service(FrameworkServlet.java:882)
	at javax.servlet.http.HttpServlet.service(HttpServlet.java:741)
	at org.apache.catalina.core.ApplicationFilterChain.internalDoFilter(ApplicationFilterChain.java:231)
	at org.apache.catalina.core.ApplicationFilterChain.doFilter(ApplicationFilterChain.java:166)
	at org.apache.tomcat.websocket.server.WsFilter.doFilter(WsFilter.java:53)
	at org.apache.catalina.core.ApplicationFilterChain.internalDoFilter(ApplicationFilterChain.java:193)
	at org.apache.catalina.core.ApplicationFilterChain.doFilter(ApplicationFilterChain.java:166)
	at com.alibaba.druid.support.http.WebStatFilter.doFilter(WebStatFilter.java:123)
	at org.apache.catalina.core.ApplicationFilterChain.internalDoFilter(ApplicationFilterChain.java:193)
	at org.apache.catalina.core.ApplicationFilterChain.doFilter(ApplicationFilterChain.java:166)
	at org.springframework.web.filter.RequestContextFilter.doFilterInternal(RequestContextFilter.java:99)
	at org.springframework.web.filter.OncePerRequestFilter.doFilter(OncePerRequestFilter.java:107)
	at org.apache.catalina.core.ApplicationFilterChain.internalDoFilter(ApplicationFilterChain.java:193)
	at org.apache.catalina.core.ApplicationFilterChain.doFilter(ApplicationFilterChain.java:166)
	at org.springframework.web.filter.FormContentFilter.doFilterInternal(FormContentFilter.java:92)
	at org.springframework.web.filter.OncePerRequestFilter.doFilter(OncePerRequestFilter.java:107)
	at org.apache.catalina.core.ApplicationFilterChain.internalDoFilter(ApplicationFilterChain.java:193)
	at org.apache.catalina.core.ApplicationFilterChain.doFilter(ApplicationFilterChain.java:166)
	at org.springframework.web.filter.HiddenHttpMethodFilter.doFilterInternal(HiddenHttpMethodFilter.java:93)
	at org.springframework.web.filter.OncePerRequestFilter.doFilter(OncePerRequestFilter.java:107)
	at org.apache.catalina.core.ApplicationFilterChain.internalDoFilter(ApplicationFilterChain.java:193)
	at org.apache.catalina.core.ApplicationFilterChain.doFilter(ApplicationFilterChain.java:166)
	at org.springframework.web.filter.CharacterEncodingFilter.doFilterInternal(CharacterEncodingFilter.java:200)
	at org.springframework.web.filter.OncePerRequestFilter.doFilter(OncePerRequestFilter.java:107)
	at org.apache.catalina.core.ApplicationFilterChain.internalDoFilter(ApplicationFilterChain.java:193)
	at org.apache.catalina.core.ApplicationFilterChain.doFilter(ApplicationFilterChain.java:166)
	at org.apache.catalina.core.StandardWrapperValve.invoke(StandardWrapperValve.java:199)
	at org.apache.catalina.core.StandardContextValve.invoke(StandardContextValve.java:96)
	at org.apache.catalina.authenticator.AuthenticatorBase.invoke(AuthenticatorBase.java:490)
	at org.apache.catalina.core.StandardHostValve.invoke(StandardHostValve.java:139)
	at org.apache.catalina.valves.ErrorReportValve.invoke(ErrorReportValve.java:92)
	at org.apache.catalina.core.StandardEngineValve.invoke(StandardEngineValve.java:74)
	at org.apache.catalina.connector.CoyoteAdapter.service(CoyoteAdapter.java:343)
	at org.apache.coyote.http11.Http11Processor.service(Http11Processor.java:408)
	at org.apache.coyote.AbstractProcessorLight.process(AbstractProcessorLight.java:66)
	at org.apache.coyote.AbstractProtocol$ConnectionHandler.process(AbstractProtocol.java:834)
	at org.apache.tomcat.util.net.NioEndpoint$SocketProcessor.doRun(NioEndpoint.java:1417)
	at org.apache.tomcat.util.net.SocketProcessorBase.run(SocketProcessorBase.java:49)
	at java.util.concurrent.ThreadPoolExecutor.runWorker(ThreadPoolExecutor.java:1149)
	at java.util.concurrent.ThreadPoolExecutor$Worker.run(ThreadPoolExecutor.java:624)
	at org.apache.tomcat.util.threads.TaskThread$WrappingRunnable.run(TaskThread.java:61)
	at java.lang.Thread.run(Thread.java:748)
2019/03/13-11:00:17|INFO|http-nio-8089-exec-3|45822907|com.invech.platform.dsfcenterdao.config.MybatisInterceptor|57|sql = /*!mycat:schema = melody_db_dsf */select * ,201903 `month` from dsf_betlog_game_video_201903 f where f.bet_id > 15523980612940000 limit ?
2019/03/13-11:00:17|INFO|http-nio-8089-exec-3|45822910|com.invech.platform.dsfcenterdao.service.DsfBetlogService|58|[]
2019/03/13-11:08:54|INFO|restartedMain|46339266|com.invech.platform.DsfCenterServiceApplication|679|The following profiles are active: dev
2019/03/13-11:08:57|INFO|restartedMain|46342321|com.invech.platform.DsfCenterServiceApplication|59|Started DsfCenterServiceApplication in 3.282 seconds (JVM running for 46342.918)
2019/03/13-11:23:20|INFO|http-nio-8089-exec-1|47205336|com.invech.platform.dsfcenterservice.controller.BaseController|48|玩家平台 ID = rmi
2019/03/13-11:23:20|INFO|http-nio-8089-exec-1|47205356|com.invech.platform.dsfcenterdao.config.MybatisInterceptor|57|sql = /*!mycat:schema = melody_db_dsf */SELECT id,member_user,dsf_player_id,platform_code,site_code,available,update_time,create_time,api_name,password  FROM dsf_member  WHERE  member_user = ?
2019/03/13-11:23:20|INFO|http-nio-8089-exec-1|47205374|com.invech.platform.dsfcenterservice.controller.BaseController|48|玩家平台 ID = rmi
2019/03/13-11:23:20|INFO|http-nio-8089-exec-1|47205381|com.invech.platform.dsfcenterdao.config.MybatisInterceptor|57|sql = /*!mycat:schema = melody_db_dsf */SELECT id,category_id,platform_code,game_code,h5_game_code,adriod_game_code,pc_game_code,game_name,game_tag,game_param,available,pc_logo,phone_logo,enable_pc,enable_mobile,enable_test,enable_hot,ebable_new,memo,create_user,create_time,modify_user,modify_time,game_name_en,game_id,sort_id,click_num,good_num,lastday_per,platform_name  FROM dsf_gm_game  WHERE  platform_code = ? AND game_code = ?
2019/03/13-11:23:20|INFO|http-nio-8089-exec-1|47205388|com.invech.platform.dsfcenterdao.config.MybatisInterceptor|57|sql = /*!mycat:schema = melody_db_dsf */SELECT id,member_user,dsf_player_id,platform_code,site_code,available,update_time,create_time,api_name,password  FROM dsf_member  WHERE  member_user = ? AND platform_code = ?
2019/03/13-11:23:20|INFO|http-nio-8089-exec-1|47205401|com.invech.platform.modules.common.dto.ky.KyLauchGameRequest|39|2A7D914EF92FE440
2019/03/13-11:23:20|INFO|http-nio-8089-exec-1|47205401|com.invech.platform.modules.common.dto.ky.KyLauchGameRequest|42|s=0&account=testky01734509546301&money=0&orderid=7081520190313112320379testky01734509546301&ip=127.0.0.1&lineCode=test&KindID=720
2019/03/13-11:23:20|INFO|http-nio-8089-exec-1|47205429|com.invech.platform.modules.ky.http.KyNetWork|55|path = https://kyapi.ky206.com:189/channelHandle?agent=70815&timestamp=1552447400379&param=EOmDcq063nrlXhFDt6VqGNmUTsu5voTOxhB%2BHKn5mioZCDTuMn0r9d%2BpaWt0pQY6ufURdLTGpDFu%0D%0A1njvx0W%2FkEE0OiSLnkXYNr7ByhEKRAbpuplhhK2DYDveWSZQMcg5jvakbOAIORsr2UCS4lG59qK3%0D%0AATn6Kxok3i%2FLgVtWPrkWWlUxWfINoIHmYP8aDEe%2B&key=c0c5e48271bc54bc6efdeef438a4353f 
, body = {"account":"testky01734509546301","agent":"70815","ip":"127.0.0.1","key":"c0c5e48271bc54bc6efdeef438a4353f","kindID":"720","lineCode":"test","orderid":"7081520190313112320379testky01734509546301","param":"EOmDcq063nrlXhFDt6VqGNmUTsu5voTOxhB%2BHKn5mioZCDTuMn0r9d%2BpaWt0pQY6ufURdLTGpDFu%0D%0A1njvx0W%2FkEE0OiSLnkXYNr7ByhEKRAbpuplhhK2DYDveWSZQMcg5jvakbOAIORsr2UCS4lG59qK3%0D%0AATn6Kxok3i%2FLgVtWPrkWWlUxWfINoIHmYP8aDEe%2B","timestamp":1552447400379}
2019/03/13-11:23:20|INFO|http-nio-8089-exec-1|47205965|com.invech.platform.modules.ky.http.KyNetWork|65|Ky 请求结果 resp ={"m":"/channelHandle","s":100,"d":{"code":0,"url":"https://game.ky206.com/index.html?account=70815_testky01734509546301&token=eyJkYXRhIjoiNzA4MTVfdGVzdGt5MDE3MzQ1MDk1NDYzMDEiLCJjcmVhdGVkIjoxNTUyNDQ3NDAwLCJleHAiOjE1MH0=.PqnLrJEmCWZ8Pqtu+tRSJWCDqbAKkdkrLTusipkxLYg=&lang=zh-CN&route=kywss.ky206.com&gam
2019/03/13-15:56:09|INFO|restartedMain|1138|com.invech.platform.DsfCenterServiceApplication|679|The following profiles are active: dev
2019/03/13-15:56:15|INFO|restartedMain|7153|com.invech.platform.DsfCenterServiceApplication|59|Started DsfCenterServiceApplication in 6.927 seconds (JVM running for 7.655)
2019/03/13-17:08:01|INFO|restartedMain|1116|com.invech.platform.DsfCenterServiceApplication|679|The following profiles are active: dev
2019/03/13-17:08:07|INFO|restartedMain|7010|com.invech.platform.DsfCenterServiceApplication|59|Started DsfCenterServiceApplication in 6.775 seconds (JVM running for 7.49)
2019/03/13-17:08:19|INFO|http-nio-8089-exec-1|18525|com.invech.platform.dsfcenterservice.controller.BaseController|51|玩家平台 ID = ghslg123
2019/03/13-17:08:19|INFO|http-nio-8089-exec-1|18671|com.invech.platform.dsfcenterdao.config.MybatisInterceptor|57|sql = /*!mycat:schema = melody_db_dsf */SELECT id,member_user,dsf_player_id,platform_code,site_code,available,update_time,create_time,api_name,password  FROM dsf_member  WHERE  member_user = ?
2019/03/13-17:08:19|INFO|http-nio-8089-exec-1|18767|com.invech.platform.dsfcenterservice.controller.BaseController|51|玩家平台 ID = ghslg123
2019/03/13-17:08:19|INFO|http-nio-8089-exec-1|18775|com.invech.platform.dsfcenterdao.config.MybatisInterceptor|57|sql = /*!mycat:schema = melody_db_dsf */SELECT id,category_id,platform_code,game_code,h5_game_code,adriod_game_code,pc_game_code,game_name,game_tag,game_param,available,pc_logo,phone_logo,enable_pc,enable_mobile,enable_test,enable_hot,ebable_new,memo,create_user,create_time,modify_user,modify_time,game_name_en,game_id,sort_id,click_num,good_num,lastday_per,platform_name  FROM dsf_gm_game  WHERE  platform_code = ? AND game_code = ?
2019/03/13-17:08:19|INFO|http-nio-8089-exec-1|18788|com.invech.platform.dsfcenterdao.config.MybatisInterceptor|57|sql = /*!mycat:schema = melody_db_dsf */SELECT id,member_user,dsf_player_id,platform_code,site_code,available,update_time,create_time,api_name,password  FROM dsf_member  WHERE  member_user = ? AND platform_code = ?
2019/03/13-17:08:40|INFO|restartedMain|1112|com.invech.platform.DsfCenterServiceApplication|679|The following profiles are active: dev
2019/03/13-17:08:46|INFO|restartedMain|7009|com.invech.platform.DsfCenterServiceApplication|59|Started DsfCenterServiceApplication in 6.77 seconds (JVM running for 7.493)
2019/03/13-17:09:00|INFO|http-nio-8089-exec-2|21402|com.invech.platform.dsfcenterservice.controller.BaseController|51|玩家平台 ID = ghslg123
2019/03/13-17:09:00|INFO|http-nio-8089-exec-2|21413|com.invech.platform.dsfcenterservice.controller.BaseController|51|玩家平台 ID = ghslg123
2019/03/13-17:09:00|INFO|http-nio-8089-exec-2|21559|com.invech.platform.dsfcenterdao.config.MybatisInterceptor|57|sql = /*!mycat:schema = melody_db_dsf */SELECT id,category_id,platform_code,game_code,h5_game_code,adriod_game_code,pc_game_code,game_name,game_tag,game_param,available,pc_logo,phone_logo,enable_pc,enable_mobile,enable_test,enable_hot,ebable_new,memo,create_user,create_time,modify_user,modify_time,game_name_en,game_id,sort_id,click_num,good_num,lastday_per,platform_name  FROM dsf_gm_game  WHERE  platform_code = ? AND game_code = ?
2019/03/13-17:09:01|INFO|http-nio-8089-exec-2|21653|com.invech.platform.dsfcenterdao.config.MybatisInterceptor|57|sql = /*!mycat:schema = melody_db_dsf */SELECT id,member_user,dsf_player_id,platform_code,site_code,available,update_time,create_time,api_name,password  FROM dsf_member  WHERE  member_user = ? AND platform_code = ?
2019/03/13-17:46:12|INFO|http-nio-8089-exec-3|2252919|com.invech.platform.dsfcenterservice.controller.BaseController|51|玩家平台 ID = xiaobian
2019/03/13-17:46:12|INFO|http-nio-8089-exec-3|2252930|com.invech.platform.dsfcenterdao.config.MybatisInterceptor|57|sql = /*!mycat:schema = melody_db_dsf */SELECT id,member_user,dsf_player_id,platform_code,site_code,available,update_time,create_time,api_name,password  FROM dsf_member  WHERE  member_user = ?
2019/03/13-17:46:12|INFO|http-nio-8089-exec-3|2252949|com.invech.platform.dsfcenterservice.controller.BaseController|51|玩家平台 ID = xiaobian
2019/03/13-17:46:12|INFO|http-nio-8089-exec-3|2252949|com.invech.platform.dsfcenterservice.controller.BaseController|51|玩家平台 ID = xiaobian
2019/03/13-17:46:12|INFO|http-nio-8089-exec-3|2252953|com.invech.platform.dsfcenterdao.config.MybatisInterceptor|57|sql = /*!mycat:schema = melody_db_dsf */SELECT id,transaction_id,member_user,site_code,dsf_player_id,platform_code,type,state,fail_reason,dsf_transaction_id,amount,balance_changed_id,create_time,complete_time,version,api_name,operator  FROM dsf_transfer_log  WHERE  transaction_id = ?
2019/03/13-17:48:38|INFO|http-nio-8089-exec-5|2399140|com.invech.platform.dsfcenterservice.controller.BaseController|51|玩家平台 ID = xiaobian
2019/03/13-17:48:38|INFO|http-nio-8089-exec-5|2399159|com.invech.platform.dsfcenterservice.controller.BaseController|51|玩家平台 ID = xiaobian
2019/03/13-17:48:38|INFO|http-nio-8089-exec-5|2399159|com.invech.platform.dsfcenterservice.controller.BaseController|51|玩家平台 ID = xiaobian
2019/03/13-17:48:38|INFO|http-nio-8089-exec-5|2399165|com.invech.platform.dsfcenterdao.config.MybatisInterceptor|57|sql = /*!mycat:schema = melody_db_dsf */SELECT id,transaction_id,member_user,site_code,dsf_player_id,platform_code,type,state,fail_reason,dsf_transaction_id,amount,balance_changed_id,create_time,complete_time,version,api_name,operator  FROM dsf_transfer_log  WHERE  transaction_id = ?
2019/03/13-17:50:01|INFO|http-nio-8089-exec-7|2481922|com.invech.platform.dsfcenterservice.controller.BaseController|51|玩家平台 ID = xiaobian
2019/03/13-17:50:01|INFO|http-nio-8089-exec-7|2481926|com.invech.platform.dsfcenterservice.controller.BaseController|51|玩家平台 ID = xiaobian
2019/03/13-17:50:01|INFO|http-nio-8089-exec-7|2481927|com.invech.platform.dsfcenterservice.controller.BaseController|51|玩家平台 ID = xiaobian
2019/03/13-17:50:01|INFO|http-nio-8089-exec-7|2481931|com.invech.platform.dsfcenterdao.config.MybatisInterceptor|57|sql = /*!mycat:schema = melody_db_dsf */SELECT id,transaction_id,member_user,site_code,dsf_player_id,platform_code,type,state,fail_reason,dsf_transaction_id,amount,balance_changed_id,create_time,complete_time,version,api_name,operator  FROM dsf_transfer_log  WHERE  transaction_id = ?
2019/03/13-17:50:01|INFO|http-nio-8089-exec-7|2481939|com.invech.platform.dsfcenterdao.config.MybatisInterceptor|57|sql = /*!mycat:schema = melody_db_dsf */SELECT id,member_user,dsf_player_id,platform_code,site_code,available,update_time,create_time,api_name,password  FROM dsf_member  WHERE  member_user = ? AND platform_code = ?
2019/03/13-17:50:01|INFO|http-nio-8089-exec-7|2481942|com.invech.platform.dsfcenterservice.service.UserService|57|当前玩家不存在，创建账户 memberId = xiaobian , gamePlatform = Ky
2019/03/13-17:50:01|INFO|http-nio-8089-exec-7|2481954|com.invech.platform.dsfcenterdao.config.MybatisInterceptor|57|sql = /*!mycat:schema = melody_db_dsf */INSERT INTO dsf_member  ( id,member_user,dsf_player_id,platform_code,site_code,available,update_time,create_time,api_name,password ) VALUES( ?,?,?,?,?,?,?,?,?,? )
2019/03/13-17:50:01|INFO|http-nio-8089-exec-7|2481966|com.invech.platform.dsfcenterdao.config.MybatisInterceptor|57|sql = /*!mycat:schema = melody_db_dsf */SELECT LAST_INSERT_ID()
2019/03/13-17:50:01|INFO|http-nio-8089-exec-7|2481976|com.invech.platform.modules.common.dto.ky.KyLauchGameRequest|39|2A7D914EF92FE440
2019/03/13-17:50:01|INFO|http-nio-8089-exec-7|2481977|com.invech.platform.modules.common.dto.ky.KyLauchGameRequest|42|s=0&account=testky01230172653572&money=0&orderid=7081520190313175001335testky01230172653572&ip=127.0.0.1&lineCode=test&KindID=0
2019/03/13-17:50:01|INFO|http-nio-8089-exec-7|2482008|com.invech.platform.modules.ky.http.KyNetWork|55|path = https://kyapi.ky206.com:189/channelHandle?agent=70815&timestamp=1552470601335&param=EOmDcq063nrlXhFDt6VqGLlKopqmVeUaYjhMGC97xDwZCDTuMn0r9d%2BpaWt0pQY66lDlX%2FK0u4K2%0D%0ACFX97ld9Vv6fZLg2g%2BCYQEv0DgKQ0FRVHwkW6jmBWMC8On6uX9oVjvakbOAIORsr2UCS4lG59kGk%0D%0AZDjbhOmPYC5t3NAjGVU%3D&key=4865547fc85c6cbadffb440baf232062 
, body = {"account":"testky01230172653572","agent":"70815","ip":"127.0.0.1","key":"4865547fc85c6cbadffb440baf232062","kindID":"0","lineCode":"test","orderid":"7081520190313175001335testky01230172653572","param":"EOmDcq063nrlXhFDt6VqGLlKopqmVeUaYjhMGC97xDwZCDTuMn0r9d%2BpaWt0pQY66lDlX%2FK0u4K2%0D%0ACFX97ld9Vv6fZLg2g%2BCYQEv0DgKQ0FRVHwkW6jmBWMC8On6uX9oVjvakbOAIORsr2UCS4lG59kGk%0D%0AZDjbhOmPYC5t3NAjGVU%3D","timestamp":1552470601335}
2019/03/13-17:50:01|INFO|http-nio-8089-exec-7|2482596|com.invech.platform.modules.ky.http.KyNetWork|65|Ky 请求结果 resp ={"m":"/channelHandle","s":100,"d":{"code":0,"url":"https://game.ky206.com/index.html?account=70815_testky01230172653572&token=eyJkYXRhIjoiNzA4MTVfdGVzdGt5MDEyMzAxNzI2NTM1NzIiLCJjcmVhdGVkIjoxNTUyNDcwNjAxLCJleHAiOjE1MH0=.RmFD54Zr2zhI6g5so7Ort40cGoxGET8HGG9RPuMbaEM=&lang=zh-CN&route=kywss.ky206.com&gam
2019/03/13-17:50:01|INFO|http-nio-8089-exec-7|2482626|com.invech.platform.dsfcenterdao.config.MybatisInterceptor|57|sql = /*!mycat:schema = melody_db_dsf */INSERT INTO dsf_transfer_log  ( id,transaction_id,member_user,site_code,dsf_player_id,platform_code,type,state,fail_reason,dsf_transaction_id,amount,balance_changed_id,create_time,complete_time,version,api_name,operator ) VALUES( ?,?,?,?,?,?,?,?,?,?,?,?,?,?,?,?,? )
2019/03/13-17:50:01|INFO|http-nio-8089-exec-7|2482636|com.invech.platform.dsfcenterdao.config.MybatisInterceptor|57|sql = /*!mycat:schema = melody_db_dsf */SELECT LAST_INSERT_ID()
2019/03/13-17:50:02|INFO|http-nio-8089-exec-7|2482641|com.invech.platform.modules.ky.http.KyNetWork|55|path = https://kyapi.ky206.com:189/channelHandle?agent=70815&timestamp=1552470601980&param=b5PDIMnCDztToNWf74DheblKopqmVeUaYjhMGC97xDyPIJRksFtzsxcQj2PYpH2JL2u0HQy2OKdi%0D%0AbFzeuGH58SWLrT9j4pIaqms4fZ%2BKJdK5SqKaplXlGmI4TBgve8Q8i4WVF2S7IW5jn0n1KSTkDw%3D%3D&key=6182ad9c398fe119aaee0bc8f92130cf 
, body = {"account":"testky01230172653572","agent":"70815","key":"6182ad9c398fe119aaee0bc8f92130cf","orderid":"7081520190313175001980testky012301726535721552470601980","param":"b5PDIMnCDztToNWf74DheblKopqmVeUaYjhMGC97xDyPIJRksFtzsxcQj2PYpH2JL2u0HQy2OKdi%0D%0AbFzeuGH58SWLrT9j4pIaqms4fZ%2BKJdK5SqKaplXlGmI4TBgve8Q8i4WVF2S7IW5jn0n1KSTkDw%3D%3D","timestamp":1552470601980}
2019/03/13-17:50:02|INFO|http-nio-8089-exec-7|2483227|com.invech.platform.modules.ky.http.KyNetWork|65|Ky 请求结果 resp ={"m":"/channelHandle","s":103,"d":{"code":38}}
2019/03/13-17:50:02|INFO|http-nio-8089-exec-7|2483231|com.invech.platform.dsfcenterdao.config.MybatisInterceptor|57|sql = /*!mycat:schema = melody_db_dsf */update `dsf_transfer_log` set `state` = ? , `version` = version + 1 , `complete_time` = now() ,
		`fail_reason` = ? ,`operator` = ? WHERE `transaction_id` = ? and `state`  <>  'Successful'
		and `state`  <>  'Failed'
		;
2019/03/13-17:50:02|INFO|http-nio-8089-exec-7|2483251|com.invech.platform.dsfcenterdao.config.MybatisInterceptor|57|sql = /*!mycat:schema = melody_db_dsf */SELECT id,transaction_id,member_user,site_code,dsf_player_id,platform_code,type,state,fail_reason,dsf_transaction_id,amount,balance_changed_id,create_time,complete_time,version,api_name,operator  FROM dsf_transfer_log  WHERE  transaction_id = ?
2019/03/13-17:50:21|INFO|http-nio-8089-exec-8|2501686|com.invech.platform.dsfcenterservice.controller.BaseController|51|玩家平台 ID = xiaobian
2019/03/13-17:50:21|INFO|http-nio-8089-exec-8|2501690|com.invech.platform.dsfcenterdao.config.MybatisInterceptor|57|sql = /*!mycat:schema = melody_db_dsf */SELECT id,member_user,dsf_player_id,platform_code,site_code,available,update_time,create_time,api_name,password  FROM dsf_member  WHERE  member_user = ?
2019/03/13-17:50:21|INFO|http-nio-8089-exec-8|2501697|com.invech.platform.dsfcenterservice.controller.BaseController|51|玩家平台 ID = xiaobian
2019/03/13-17:50:21|INFO|http-nio-8089-exec-8|2501698|com.invech.platform.dsfcenterservice.controller.BaseController|51|玩家平台 ID = xiaobian
2019/03/13-17:50:21|INFO|http-nio-8089-exec-8|2501699|com.invech.platform.dsfcenterdao.config.MybatisInterceptor|57|sql = /*!mycat:schema = melody_db_dsf */SELECT id,transaction_id,member_user,site_code,dsf_player_id,platform_code,type,state,fail_reason,dsf_transaction_id,amount,balance_changed_id,create_time,complete_time,version,api_name,operator  FROM dsf_transfer_log  WHERE  transaction_id = ?
2019/03/13-17:50:21|INFO|http-nio-8089-exec-8|2501705|com.invech.platform.dsfcenterdao.config.MybatisInterceptor|57|sql = /*!mycat:schema = melody_db_dsf */SELECT id,member_user,dsf_player_id,platform_code,site_code,available,update_time,create_time,api_name,password  FROM dsf_member  WHERE  member_user = ? AND platform_code = ?
2019/03/13-17:50:21|INFO|http-nio-8089-exec-8|2501714|com.invech.platform.dsfcenterdao.config.MybatisInterceptor|57|sql = /*!mycat:schema = melody_db_dsf */INSERT INTO dsf_transfer_log  ( id,transaction_id,member_user,site_code,dsf_player_id,platform_code,type,state,fail_reason,dsf_transaction_id,amount,balance_changed_id,create_time,complete_time,version,api_name,operator ) VALUES( ?,?,?,?,?,?,?,?,?,?,?,?,?,?,?,?,? )
2019/03/13-17:50:21|INFO|http-nio-8089-exec-8|2501720|com.invech.platform.dsfcenterdao.config.MybatisInterceptor|57|sql = /*!mycat:schema = melody_db_dsf */SELECT LAST_INSERT_ID()
2019/03/13-17:50:21|INFO|http-nio-8089-exec-8|2501723|com.invech.platform.modules.ky.http.KyNetWork|55|path = https://kyapi.ky206.com:189/channelHandle?agent=70815&timestamp=1552470621070&param=b5PDIMnCDztToNWf74DheblKopqmVeUaYjhMGC97xDyPIJRksFtzsxcQj2PYpH2JL2u0HQy2OKdi%0D%0AbFzeuGH58c%2B80DD7nYBqrwEH03QJGda5SqKaplXlGmI4TBgve8Q8FtrDte0lb%2Bh9YrKCK8a25A%3D%3D&key=af52a0d651455f8f91efe2b1b7edc133 
, body = {"account":"testky01230172653572","agent":"70815","key":"af52a0d651455f8f91efe2b1b7edc133","orderid":"7081520190313175021070testky012301726535721552470621070","param":"b5PDIMnCDztToNWf74DheblKopqmVeUaYjhMGC97xDyPIJRksFtzsxcQj2PYpH2JL2u0HQy2OKdi%0D%0AbFzeuGH58c%2B80DD7nYBqrwEH03QJGda5SqKaplXlGmI4TBgve8Q8FtrDte0lb%2Bh9YrKCK8a25A%3D%3D","timestamp":1552470621070}
2019/03/13-17:50:21|INFO|http-nio-8089-exec-8|2502228|com.invech.platform.modules.ky.http.KyNetWork|65|Ky 请求结果 resp ={"m":"/channelHandle","s":103,"d":{"code":38}}
2019/03/13-17:50:21|INFO|http-nio-8089-exec-8|2502230|com.invech.platform.dsfcenterdao.config.MybatisInterceptor|57|sql = /*!mycat:schema = melody_db_dsf */update `dsf_transfer_log` set `state` = ? , `version` = version + 1 , `complete_time` = now() ,
		`fail_reason` = ? ,`operator` = ? WHERE `transaction_id` = ? and `state`  <>  'Successful'
		and `state`  <>  'Failed'
		;
2019/03/13-17:50:21|INFO|http-nio-8089-exec-8|2502238|com.invech.platform.dsfcenterdao.config.MybatisInterceptor|57|sql = /*!mycat:schema = melody_db_dsf */SELECT id,transaction_id,member_user,site_code,dsf_player_id,platform_code,type,state,fail_reason,dsf_transaction_id,amount,balance_changed_id,create_time,complete_time,version,api_name,operator  FROM dsf_transfer_log  WHERE  transaction_id = ?
2019/03/13-18:01:33|INFO|http-nio-8089-exec-6|3173817|com.invech.platform.dsfcenterservice.controller.BaseController|51|玩家平台 ID = rmi
2019/03/13-18:01:33|INFO|http-nio-8089-exec-6|3173822|com.invech.platform.dsfcenterservice.controller.BaseController|51|玩家平台 ID = rmi
2019/03/13-18:01:33|INFO|http-nio-8089-exec-6|3173822|com.invech.platform.dsfcenterservice.controller.BaseController|51|玩家平台 ID = rmi
2019/03/13-18:01:33|INFO|http-nio-8089-exec-6|3173834|com.invech.platform.dsfcenterdao.config.MybatisInterceptor|57|sql = /*!mycat:schema = melody_db_dsf */SELECT id,transaction_id,member_user,site_code,dsf_player_id,platform_code,type,state,fail_reason,dsf_transaction_id,amount,balance_changed_id,create_time,complete_time,version,api_name,operator  FROM dsf_transfer_log  WHERE  transaction_id = ?
2019/03/13-18:01:33|INFO|http-nio-8089-exec-6|3173840|com.invech.platform.dsfcenterdao.config.MybatisInterceptor|57|sql = /*!mycat:schema = melody_db_dsf */SELECT id,member_user,dsf_player_id,platform_code,site_code,available,update_time,create_time,api_name,password  FROM dsf_member  WHERE  member_user = ? AND platform_code = ?
2019/03/13-18:01:33|INFO|http-nio-8089-exec-6|3173849|com.invech.platform.dsfcenterdao.config.MybatisInterceptor|57|sql = /*!mycat:schema = melody_db_dsf */INSERT INTO dsf_transfer_log  ( id,transaction_id,member_user,site_code,dsf_player_id,platform_code,type,state,fail_reason,dsf_transaction_id,amount,balance_changed_id,create_time,complete_time,version,api_name,operator ) VALUES( ?,?,?,?,?,?,?,?,?,?,?,?,?,?,?,?,? )
2019/03/13-18:01:33|INFO|http-nio-8089-exec-6|3173854|com.invech.platform.dsfcenterdao.config.MybatisInterceptor|57|sql = /*!mycat:schema = melody_db_dsf */SELECT LAST_INSERT_ID()
2019/03/13-18:01:33|INFO|http-nio-8089-exec-6|3173857|com.invech.platform.modules.ag.http.AgNetWork|44|https://gi.yingfaag.com/doBusiness.do?params=QevbfaJ3jyGf7sBz6IyXWQ5aXNcveoScsZyqnO+iotyg5vnZbROifo2xvgQgvlkT8cAf5g3xbVIEFZ2FF6K18Mfj9dHJTDSwT0+A8pF5cwf6Fw6KfYzgd0vjz3sKO+DOC/At05+LWX/UBBj+BQ/OGo7Vt/0PEqI3XtUbCkeVGq1bNWKHXcipiE5nBP0EBq3wfBFSZOjWiN5YeIhWidhuIWcpW2ZUB6XpWNzxoBkbU+B9gKGFffkyJ9Ocd2I4CnJkl5vNsNPfAtQ=&key=62952bc536b0840b6d78a19b483d025a
2019/03/13-18:01:34|INFO|http-nio-8089-exec-6|3174723|com.invech.platform.dsfcenterdao.config.MybatisInterceptor|57|sql = /*!mycat:schema = melody_db_dsf */update `dsf_transfer_log` set `state` = ? , `version` = version + 1 , `complete_time` = now() ,
		`fail_reason` = ? ,`operator` = ? WHERE `transaction_id` = ? and `state`  <>  'Successful'
		and `state`  <>  'Failed'
		;
2019/03/13-18:01:34|INFO|http-nio-8089-exec-6|3174732|com.invech.platform.dsfcenterdao.config.MybatisInterceptor|57|sql = /*!mycat:schema = melody_db_dsf */SELECT id,transaction_id,member_user,site_code,dsf_player_id,platform_code,type,state,fail_reason,dsf_transaction_id,amount,balance_changed_id,create_time,complete_time,version,api_name,operator  FROM dsf_transfer_log  WHERE  transaction_id = ?
2019/03/13-18:02:35|INFO|restartedMain|1098|com.invech.platform.DsfCenterServiceApplication|679|The following profiles are active: dev
2019/03/13-18:02:41|INFO|restartedMain|7044|com.invech.platform.DsfCenterServiceApplication|59|Started DsfCenterServiceApplication in 6.828 seconds (JVM running for 7.543)
2019/03/13-18:02:57|INFO|http-nio-8089-exec-1|23774|com.invech.platform.dsfcenterservice.controller.BaseController|51|玩家平台 ID = rmi
2019/03/13-18:02:57|INFO|http-nio-8089-exec-1|23786|com.invech.platform.dsfcenterservice.controller.BaseController|51|玩家平台 ID = rmi
2019/03/13-18:02:57|INFO|http-nio-8089-exec-1|23787|com.invech.platform.dsfcenterservice.controller.BaseController|51|玩家平台 ID = rmi
2019/03/13-18:02:57|INFO|http-nio-8089-exec-1|23934|com.invech.platform.dsfcenterdao.config.MybatisInterceptor|57|sql = /*!mycat:schema = melody_db_dsf */SELECT id,transaction_id,member_user,site_code,dsf_player_id,platform_code,type,state,fail_reason,dsf_transaction_id,amount,balance_changed_id,create_time,complete_time,version,api_name,operator  FROM dsf_transfer_log  WHERE  transaction_id = ?
2019/03/13-18:02:58|INFO|http-nio-8089-exec-1|24025|com.invech.platform.dsfcenterdao.config.MybatisInterceptor|57|sql = /*!mycat:schema = melody_db_dsf */SELECT id,member_user,dsf_player_id,platform_code,site_code,available,update_time,create_time,api_name,password  FROM dsf_member  WHERE  member_user = ? AND platform_code = ?
2019/03/13-18:02:58|INFO|http-nio-8089-exec-1|24045|com.invech.platform.dsfcenterdao.config.MybatisInterceptor|57|sql = /*!mycat:schema = melody_db_dsf */INSERT INTO dsf_transfer_log  ( id,transaction_id,member_user,site_code,dsf_player_id,platform_code,type,state,fail_reason,dsf_transaction_id,amount,balance_changed_id,create_time,complete_time,version,api_name,operator ) VALUES( ?,?,?,?,?,?,?,?,?,?,?,?,?,?,?,?,? )
2019/03/13-18:02:58|INFO|http-nio-8089-exec-1|24060|com.invech.platform.dsfcenterdao.config.MybatisInterceptor|57|sql = /*!mycat:schema = melody_db_dsf */SELECT LAST_INSERT_ID()
2019/03/13-18:02:58|INFO|http-nio-8089-exec-1|24133|com.invech.platform.modules.ag.http.AgNetWork|44|https://gi.yingfaag.com/doBusiness.do?params=QevbfaJ3jyGf7sBz6IyXWQ5aXNcveoScsZyqnO+iotyg5vnZbROifo2xvgQgvlkT8cAf5g3xbVIEFZ2FF6K18Mfj9dHJTDSwT0+A8pF5cwf6Fw6KfYzgd0vjz3sKO+DOC/At05+LWX/UBBj+BQ/OGo7Vt/0PEqI3XtUbCkeVGq1bNWKHXcipiE5nBP0EBq3wfBFSZOjWiN5YeIhWidhuIWcpW2ZUB6XpWNzxoBkbU+DMKr8QZclwcxB/J9kzZqnIl5vNsNPfAtQ=&key=73dda07642607e2bdf2ddf329ba00c2d
2019/03/13-18:02:58|INFO|http-nio-8089-exec-1|24784|com.invech.platform.dsfcenterdao.config.MybatisInterceptor|57|sql = /*!mycat:schema = melody_db_dsf */update `dsf_transfer_log` set `state` = ? , `version` = version + 1 , `complete_time` = now() ,
		`fail_reason` = ? ,`operator` = ? WHERE `transaction_id` = ? and `state`  <>  'Successful'
		and `state`  <>  'Failed'
		;
2019/03/13-18:02:58|INFO|http-nio-8089-exec-1|24796|com.invech.platform.dsfcenterdao.config.MybatisInterceptor|57|sql = /*!mycat:schema = melody_db_dsf */SELECT id,transaction_id,member_user,site_code,dsf_player_id,platform_code,type,state,fail_reason,dsf_transaction_id,amount,balance_changed_id,create_time,complete_time,version,api_name,operator  FROM dsf_transfer_log  WHERE  transaction_id = ?
2019/03/13-18:03:22|INFO|restartedMain|1090|com.invech.platform.DsfCenterServiceApplication|679|The following profiles are active: dev
2019/03/13-18:03:28|INFO|restartedMain|6952|com.invech.platform.DsfCenterServiceApplication|59|Started DsfCenterServiceApplication in 6.73 seconds (JVM running for 7.513)
2019/03/13-18:03:37|INFO|http-nio-8089-exec-1|15780|com.invech.platform.dsfcenterservice.controller.BaseController|51|玩家平台 ID = rmi
2019/03/13-18:03:37|INFO|http-nio-8089-exec-1|15793|com.invech.platform.dsfcenterservice.controller.BaseController|51|玩家平台 ID = rmi
2019/03/13-18:03:37|INFO|http-nio-8089-exec-1|15793|com.invech.platform.dsfcenterservice.controller.BaseController|51|玩家平台 ID = rmi
2019/03/13-18:03:37|INFO|http-nio-8089-exec-1|15942|com.invech.platform.dsfcenterdao.config.MybatisInterceptor|57|sql = /*!mycat:schema = melody_db_dsf */SELECT id,transaction_id,member_user,site_code,dsf_player_id,platform_code,type,state,fail_reason,dsf_transaction_id,amount,balance_changed_id,create_time,complete_time,version,api_name,operator  FROM dsf_transfer_log  WHERE  transaction_id = ?
2019/03/13-18:03:37|INFO|http-nio-8089-exec-1|16035|com.invech.platform.dsfcenterdao.config.MybatisInterceptor|57|sql = /*!mycat:schema = melody_db_dsf */SELECT id,member_user,dsf_player_id,platform_code,site_code,available,update_time,create_time,api_name,password  FROM dsf_member  WHERE  member_user = ? AND platform_code = ?
2019/03/13-18:03:37|INFO|http-nio-8089-exec-1|16057|com.invech.platform.dsfcenterdao.config.MybatisInterceptor|57|sql = /*!mycat:schema = melody_db_dsf */INSERT INTO dsf_transfer_log  ( id,transaction_id,member_user,site_code,dsf_player_id,platform_code,type,state,fail_reason,dsf_transaction_id,amount,balance_changed_id,create_time,complete_time,version,api_name,operator ) VALUES( ?,?,?,?,?,?,?,?,?,?,?,?,?,?,?,?,? )
2019/03/13-18:03:37|INFO|http-nio-8089-exec-1|16074|com.invech.platform.dsfcenterdao.config.MybatisInterceptor|57|sql = /*!mycat:schema = melody_db_dsf */SELECT LAST_INSERT_ID()
2019/03/13-18:03:37|INFO|http-nio-8089-exec-1|16153|com.invech.platform.modules.ag.http.AgNetWork|44|https://gi.yingfaag.com/doBusiness.do?params=QevbfaJ3jyGf7sBz6IyXWQ5aXNcveoScsZyqnO+iotyg5vnZbROifo2xvgQgvlkT8cAf5g3xbVIEFZ2FF6K18Mfj9dHJTDSwT0+A8pF5cwf6Fw6KfYzgd0vjz3sKO+DOC/At05+LWX/UBBj+BQ/OGo7Vt/0PEqI3XtUbCkeVGq1bNWKHXcipiE5nBP0EBq3wfBFSZOjWiN5YeIhWidhuIWcpW2ZUB6XpWNzxoBkbU+BETZspiCDtG5lJuIcPuFEHl5vNsNPfAtQ=&key=3f415d3d459698a4e9b9110e6055a649
2019/03/13-18:03:38|INFO|http-nio-8089-exec-1|16750|com.invech.platform.dsfcenterdao.config.MybatisInterceptor|57|sql = /*!mycat:schema = melody_db_dsf */update `dsf_transfer_log` set `state` = ? , `version` = version + 1 , `complete_time` = now() ,
		`fail_reason` = ? ,`operator` = ? WHERE `transaction_id` = ? and `state`  <>  'Successful'
		and `state`  <>  'Failed'
		;
2019/03/13-18:03:38|INFO|http-nio-8089-exec-1|16763|com.invech.platform.dsfcenterdao.config.MybatisInterceptor|57|sql = /*!mycat:schema = melody_db_dsf */SELECT id,transaction_id,member_user,site_code,dsf_player_id,platform_code,type,state,fail_reason,dsf_transaction_id,amount,balance_changed_id,create_time,complete_time,version,api_name,operator  FROM dsf_transfer_log  WHERE  transaction_id = ?
2019/03/13-18:04:33|INFO|restartedMain|72160|com.invech.platform.DsfCenterServiceApplication|679|The following profiles are active: dev
2019/03/13-18:04:36|INFO|restartedMain|74887|com.invech.platform.DsfCenterServiceApplication|59|Started DsfCenterServiceApplication in 2.925 seconds (JVM running for 75.448)
2019/03/13-18:04:43|INFO|http-nio-8089-exec-5|81940|com.invech.platform.dsfcenterservice.controller.BaseController|51|玩家平台 ID = rmi
2019/03/13-18:04:43|INFO|http-nio-8089-exec-5|81951|com.invech.platform.dsfcenterservice.controller.BaseController|51|玩家平台 ID = rmi
2019/03/13-18:04:43|INFO|http-nio-8089-exec-5|81951|com.invech.platform.dsfcenterservice.controller.BaseController|51|玩家平台 ID = rmi
2019/03/13-18:04:43|INFO|http-nio-8089-exec-5|81964|com.invech.platform.dsfcenterdao.config.MybatisInterceptor|57|sql = /*!mycat:schema = melody_db_dsf */SELECT id,transaction_id,member_user,site_code,dsf_player_id,platform_code,type,state,fail_reason,dsf_transaction_id,amount,balance_changed_id,create_time,complete_time,version,api_name,operator  FROM dsf_transfer_log  WHERE  transaction_id = ?
2019/03/13-18:04:43|INFO|http-nio-8089-exec-5|81973|com.invech.platform.dsfcenterdao.config.MybatisInterceptor|57|sql = /*!mycat:schema = melody_db_dsf */SELECT id,member_user,dsf_player_id,platform_code,site_code,available,update_time,create_time,api_name,password  FROM dsf_member  WHERE  member_user = ? AND platform_code = ?
2019/03/13-18:04:43|INFO|http-nio-8089-exec-5|81987|com.invech.platform.dsfcenterdao.config.MybatisInterceptor|57|sql = /*!mycat:schema = melody_db_dsf */INSERT INTO dsf_transfer_log  ( id,transaction_id,member_user,site_code,dsf_player_id,platform_code,type,state,fail_reason,dsf_transaction_id,amount,balance_changed_id,create_time,complete_time,version,api_name,operator ) VALUES( ?,?,?,?,?,?,?,?,?,?,?,?,?,?,?,?,? )
2019/03/13-18:04:43|INFO|http-nio-8089-exec-5|81994|com.invech.platform.dsfcenterdao.config.MybatisInterceptor|57|sql = /*!mycat:schema = melody_db_dsf */SELECT LAST_INSERT_ID()
2019/03/13-18:04:43|INFO|http-nio-8089-exec-5|82002|com.invech.platform.modules.ag.http.AgNetWork|44|https://gi.yingfaag.com/doBusiness.do?params=QevbfaJ3jyGf7sBz6IyXWQ5aXNcveoScsZyqnO+iotyg5vnZbROifo2xvgQgvlkT8cAf5g3xbVIEFZ2FF6K18Mfj9dHJTDSwT0+A8pF5cwf6Fw6KfYzgd0vjz3sKO+DOC/At05+LWX/UBBj+BQ/OGo7Vt/0PEqI3XtUbCkeVGq1bNWKHXcipiE5nBP0EBq3wfBFSZOjWiN5YeIhWidhuIWcpW2ZUB6XpWNzxoBkbU+DiHMz+tMgnDup/94oAhwIjl5vNsNPfAtQ=&key=88d1369920dd572476044679c0a9f0b9
2019/03/13-18:05:04|INFO|http-nio-8089-exec-5|102772|com.invech.platform.modules.ag.serviceImpl.AgBalanceServiceImpl|95|AgResponseDto(info=error, message=not enough credit)
2019/03/13-18:05:04|INFO|http-nio-8089-exec-5|102775|com.invech.platform.dsfcenterdao.config.MybatisInterceptor|57|sql = /*!mycat:schema = melody_db_dsf */update `dsf_transfer_log` set `state` = ? , `version` = version + 1 , `complete_time` = now() ,
		`fail_reason` = ? ,`operator` = ? WHERE `transaction_id` = ? and `state`  <>  'Successful'
		and `state`  <>  'Failed'
		;
2019/03/13-18:05:04|INFO|http-nio-8089-exec-5|102784|com.invech.platform.dsfcenterdao.config.MybatisInterceptor|57|sql = /*!mycat:schema = melody_db_dsf */SELECT id,transaction_id,member_user,site_code,dsf_player_id,platform_code,type,state,fail_reason,dsf_transaction_id,amount,balance_changed_id,create_time,complete_time,version,api_name,operator  FROM dsf_transfer_log  WHERE  transaction_id = ?
2019/03/13-18:05:43|INFO|restartedMain|1110|com.invech.platform.DsfCenterServiceApplication|679|The following profiles are active: dev
2019/03/13-18:05:49|INFO|restartedMain|7080|com.invech.platform.DsfCenterServiceApplication|59|Started DsfCenterServiceApplication in 6.845 seconds (JVM running for 7.571)
2019/03/13-18:05:59|INFO|http-nio-8089-exec-1|16953|com.invech.platform.dsfcenterservice.controller.BaseController|51|玩家平台 ID = rmi
2019/03/13-18:05:59|INFO|http-nio-8089-exec-1|16975|com.invech.platform.dsfcenterservice.controller.BaseController|51|玩家平台 ID = rmi
2019/03/13-18:05:59|INFO|http-nio-8089-exec-1|16976|com.invech.platform.dsfcenterservice.controller.BaseController|51|玩家平台 ID = rmi
2019/03/13-18:05:59|INFO|http-nio-8089-exec-1|17123|com.invech.platform.dsfcenterdao.config.MybatisInterceptor|57|sql = /*!mycat:schema = melody_db_dsf */SELECT id,transaction_id,member_user,site_code,dsf_player_id,platform_code,type,state,fail_reason,dsf_transaction_id,amount,balance_changed_id,create_time,complete_time,version,api_name,operator  FROM dsf_transfer_log  WHERE  transaction_id = ?
2019/03/13-18:05:59|INFO|http-nio-8089-exec-1|17215|com.invech.platform.dsfcenterdao.config.MybatisInterceptor|57|sql = /*!mycat:schema = melody_db_dsf */SELECT id,member_user,dsf_player_id,platform_code,site_code,available,update_time,create_time,api_name,password  FROM dsf_member  WHERE  member_user = ? AND platform_code = ?
2019/03/13-18:05:59|INFO|http-nio-8089-exec-1|17235|com.invech.platform.dsfcenterdao.config.MybatisInterceptor|57|sql = /*!mycat:schema = melody_db_dsf */INSERT INTO dsf_transfer_log  ( id,transaction_id,member_user,site_code,dsf_player_id,platform_code,type,state,fail_reason,dsf_transaction_id,amount,balance_changed_id,create_time,complete_time,version,api_name,operator ) VALUES( ?,?,?,?,?,?,?,?,?,?,?,?,?,?,?,?,? )
2019/03/13-18:05:59|INFO|http-nio-8089-exec-1|17249|com.invech.platform.dsfcenterdao.config.MybatisInterceptor|57|sql = /*!mycat:schema = melody_db_dsf */SELECT LAST_INSERT_ID()
2019/03/13-18:05:59|INFO|http-nio-8089-exec-1|17319|com.invech.platform.modules.ag.http.AgNetWork|44|https://gi.yingfaag.com/doBusiness.do?params=QevbfaJ3jyGf7sBz6IyXWQ5aXNcveoScsZyqnO+iotyg5vnZbROifo2xvgQgvlkT8cAf5g3xbVIEFZ2FF6K18Mfj9dHJTDSwT0+A8pF5cwf6Fw6KfYzgd0vjz3sKO+DOC/At05+LWX/UBBj+BQ/OGo7Vt/0PEqI3XtUbCkeVGq1bNWKHXcipiE5nBP0EBq3wfBFSZOjWiN5YeIhWidhuIWcpW2ZUB6XpWNzxoBkbU+CITdxA4eJNg98MFyatr/57l5vNsNPfAtQ=&key=51344360b42998dfbcbf4f646bbd4bee
2019/03/13-18:06:00|INFO|http-nio-8089-exec-1|18089|com.invech.platform.modules.ag.serviceImpl.AgBalanceServiceImpl|95|AgResponseDto(info=error, message=not enough credit)
2019/03/13-18:06:00|INFO|http-nio-8089-exec-1|18091|com.invech.platform.dsfcenterdao.config.MybatisInterceptor|57|sql = /*!mycat:schema = melody_db_dsf */update `dsf_transfer_log` set `state` = ? , `version` = version + 1 , `complete_time` = now() ,
		`fail_reason` = ? ,`operator` = ? WHERE `transaction_id` = ? and `state`  <>  'Successful'
		and `state`  <>  'Failed'
		;
2019/03/13-18:06:00|INFO|http-nio-8089-exec-1|18102|com.invech.platform.dsfcenterdao.config.MybatisInterceptor|57|sql = /*!mycat:schema = melody_db_dsf */SELECT id,transaction_id,member_user,site_code,dsf_player_id,platform_code,type,state,fail_reason,dsf_transaction_id,amount,balance_changed_id,create_time,complete_time,version,api_name,operator  FROM dsf_transfer_log  WHERE  transaction_id = ?
2019/03/13-18:06:57|INFO|restartedMain|1068|com.invech.platform.DsfCenterServiceApplication|679|The following profiles are active: dev
2019/03/13-18:07:03|INFO|restartedMain|6942|com.invech.platform.DsfCenterServiceApplication|59|Started DsfCenterServiceApplication in 6.726 seconds (JVM running for 7.426)
2019/03/13-18:07:10|INFO|http-nio-8089-exec-1|13976|com.invech.platform.dsfcenterservice.controller.BaseController|51|玩家平台 ID = rmi
2019/03/13-18:07:10|INFO|http-nio-8089-exec-1|13989|com.invech.platform.dsfcenterservice.controller.BaseController|51|玩家平台 ID = rmi
2019/03/13-18:07:10|INFO|http-nio-8089-exec-1|13990|com.invech.platform.dsfcenterservice.controller.BaseController|51|玩家平台 ID = rmi
2019/03/13-18:07:10|INFO|http-nio-8089-exec-1|14139|com.invech.platform.dsfcenterdao.config.MybatisInterceptor|57|sql = /*!mycat:schema = melody_db_dsf */SELECT id,transaction_id,member_user,site_code,dsf_player_id,platform_code,type,state,fail_reason,dsf_transaction_id,amount,balance_changed_id,create_time,complete_time,version,api_name,operator  FROM dsf_transfer_log  WHERE  transaction_id = ?
2019/03/13-18:07:10|INFO|http-nio-8089-exec-1|14233|com.invech.platform.dsfcenterdao.config.MybatisInterceptor|57|sql = /*!mycat:schema = melody_db_dsf */SELECT id,member_user,dsf_player_id,platform_code,site_code,available,update_time,create_time,api_name,password  FROM dsf_member  WHERE  member_user = ? AND platform_code = ?
2019/03/13-18:07:10|INFO|http-nio-8089-exec-1|14256|com.invech.platform.dsfcenterdao.config.MybatisInterceptor|57|sql = /*!mycat:schema = melody_db_dsf */INSERT INTO dsf_transfer_log  ( id,transaction_id,member_user,site_code,dsf_player_id,platform_code,type,state,fail_reason,dsf_transaction_id,amount,balance_changed_id,create_time,complete_time,version,api_name,operator ) VALUES( ?,?,?,?,?,?,?,?,?,?,?,?,?,?,?,?,? )
2019/03/13-18:07:10|INFO|http-nio-8089-exec-1|14275|com.invech.platform.dsfcenterdao.config.MybatisInterceptor|57|sql = /*!mycat:schema = melody_db_dsf */SELECT LAST_INSERT_ID()
2019/03/13-18:07:10|INFO|http-nio-8089-exec-1|14347|com.invech.platform.modules.ag.http.AgNetWork|44|https://gi.yingfaag.com/doBusiness.do?params=QevbfaJ3jyGf7sBz6IyXWQ5aXNcveoScsZyqnO+iotyg5vnZbROifo2xvgQgvlkT8cAf5g3xbVIEFZ2FF6K18Mfj9dHJTDSwT0+A8pF5cwf6Fw6KfYzgd0vjz3sKO+DOC/At05+LWX/UBBj+BQ/OGo7Vt/0PEqI3XtUbCkeVGq1bNWKHXcipiE5nBP0EBq3wfBFSZOjWiN5YeIhWidhuIWcpW2ZUB6XpWNzxoBkbU+D2dkksFXcUYJP3GTxNOvJ+l5vNsNPfAtQ=&key=6a6540b3161d025cee5c8f98181cb8e7
2019/03/13-18:07:11|INFO|http-nio-8089-exec-1|15062|com.invech.platform.modules.ag.serviceImpl.AgBalanceServiceImpl|95|AgResponseDto(info=error, message=not enough credit)
2019/03/13-18:07:11|INFO|http-nio-8089-exec-1|15064|com.invech.platform.dsfcenterdao.config.MybatisInterceptor|57|sql = /*!mycat:schema = melody_db_dsf */update `dsf_transfer_log` set `state` = ? , `version` = version + 1 , `complete_time` = now() ,
		`fail_reason` = ? ,`operator` = ? WHERE `transaction_id` = ? and `state`  <>  'Successful'
		and `state`  <>  'Failed'
		;
2019/03/13-18:07:11|INFO|http-nio-8089-exec-1|15078|com.invech.platform.dsfcenterdao.config.MybatisInterceptor|57|sql = /*!mycat:schema = melody_db_dsf */SELECT id,transaction_id,member_user,site_code,dsf_player_id,platform_code,type,state,fail_reason,dsf_transaction_id,amount,balance_changed_id,create_time,complete_time,version,api_name,operator  FROM dsf_transfer_log  WHERE  transaction_id = ?
2019/03/13-18:10:19|INFO|restartedMain|1108|com.invech.platform.DsfCenterServiceApplication|679|The following profiles are active: dev
2019/03/13-18:10:25|INFO|restartedMain|7061|com.invech.platform.DsfCenterServiceApplication|59|Started DsfCenterServiceApplication in 6.838 seconds (JVM running for 7.627)
